Removed Pin From Net: NetName=Vi Pin=J1-1
Removed Pin From Net: NetName=GND Pin=J1-2
Removed Pin From Net: NetName=Vo Pin=P1-1
Removed Pin From Net: NetName=GND Pin=P1-2
Removed Member From Class: ClassName=Sheet1 Member=J1
Removed Member From Class: ClassName=Sheet1 Member=P1
Added Component: Designator=Pi(HDR1X4)
Add component. Clean all parameters for all variants
Add component (AddParameter): Name = "LatestRevisionDate"; Value = "17-Jul-2002"; VariantName = "[No Variations]"
Add component (AddParameter): Name = "LatestRevisionNote"; Value = "Re-released for DXP Platform."; VariantName = "[No Variations]"
Add component (AddParameter): Name = "Publisher"; Value = "Altium Limited"; VariantName = "[No Variations]"
Added Component: Designator=Pi(HDR1X4)
Add component. Clean all parameters for all variants
Add component (AddParameter): Name = "LatestRevisionDate"; Value = "17-Jul-2002"; VariantName = "[No Variations]"
Add component (AddParameter): Name = "LatestRevisionNote"; Value = "Re-released for DXP Platform."; VariantName = "[No Variations]"
Add component (AddParameter): Name = "Publisher"; Value = "Altium Limited"; VariantName = "[No Variations]"
Added Pin To Net: NetName=Vi Pin=Pi-1
Added Pin To Net: NetName=Vo Pin=Pi-1
Added Pin To Net: NetName=GND Pin=Pi-4
Added Pin To Net: NetName=GND Pin=Pi-4
Added Member To Class: ClassName=Sheet1 Member=Component Pi Header 4
Added Member To Class: ClassName=Sheet1 Member=Component Pi Header 4
Added Room: Name=Sheet1
